<?xml version="1.0" encoding="UTF-8"?>
<testsuite xmlns:xsi="http://www.w3.org/2001/XMLSchema-instance" xsi:noNamespaceSchemaLocation="https://maven.apache.org/surefire/maven-surefire-plugin/xsd/surefire-test-report-3.0.xsd" version="3.0" name="Create events by clicking on Event tab under Activity Stream." time="0.27" tests="4" errors="0" skipped="0" failures="0">
  <properties>
    <property name="gopherProxySet" value="false"/>
    <property name="awt.toolkit" value="sun.lwawt.macosx.LWCToolkit"/>
    <property name="java.specification.version" value="11"/>
    <property name="sun.cpu.isalist" value=""/>
    <property name="sun.jnu.encoding" value="UTF-8"/>
    <property name="java.class.path" value="/Users/tugcealagoz/IdeaProjects/cydeo-cucumber-junit/target/test-classes:/Users/tugcealagoz/IdeaProjects/cydeo-cucumber-junit/target/classes:/Users/tugcealagoz/.m2/repository/org/seleniumhq/selenium/selenium-java/4.2.1/selenium-java-4.2.1.jar:/Users/tugcealagoz/.m2/repository/org/seleniumhq/selenium/selenium-api/4.2.1/selenium-api-4.2.1.jar:/Users/tugcealagoz/.m2/repository/org/seleniumhq/selenium/selenium-chrome-driver/4.2.1/selenium-chrome-driver-4.2.1.jar:/Users/tugcealagoz/.m2/repository/com/google/auto/service/auto-service-annotations/1.0.1/auto-service-annotations-1.0.1.jar:/Users/tugcealagoz/.m2/repository/com/google/auto/service/auto-service/1.0.1/auto-service-1.0.1.jar:/Users/tugcealagoz/.m2/repository/com/google/auto/auto-common/1.2/auto-common-1.2.jar:/Users/tugcealagoz/.m2/repository/com/google/guava/guava/31.1-jre/guava-31.1-jre.jar:/Users/tugcealagoz/.m2/repository/com/google/guava/failureaccess/1.0.1/failureaccess-1.0.1.jar:/Users/tugcealagoz/.m2/repository/com/google/guava/listenablefuture/9999.0-empty-to-avoid-conflict-with-guava/listenablefuture-9999.0-empty-to-avoid-conflict-with-guava.jar:/Users/tugcealagoz/.m2/repository/com/google/code/findbugs/jsr305/3.0.2/jsr305-3.0.2.jar:/Users/tugcealagoz/.m2/repository/org/checkerframework/checker-qual/3.12.0/checker-qual-3.12.0.jar:/Users/tugcealagoz/.m2/repository/com/google/errorprone/error_prone_annotations/2.11.0/error_prone_annotations-2.11.0.jar:/Users/tugcealagoz/.m2/repository/com/google/j2objc/j2objc-annotations/1.3/j2objc-annotations-1.3.jar:/Users/tugcealagoz/.m2/repository/org/seleniumhq/selenium/selenium-chromium-driver/4.2.1/selenium-chromium-driver-4.2.1.jar:/Users/tugcealagoz/.m2/repository/org/seleniumhq/selenium/selenium-json/4.2.1/selenium-json-4.2.1.jar:/Users/tugcealagoz/.m2/repository/org/seleniumhq/selenium/selenium-devtools-v100/4.2.1/selenium-devtools-v100-4.2.1.jar:/Users/tugcealagoz/.m2/repository/org/seleniumhq/selenium/selenium-devtools-v101/4.2.1/selenium-devtools-v101-4.2.1.jar:/Users/tugcealagoz/.m2/repository/org/seleniumhq/selenium/selenium-devtools-v102/4.2.1/selenium-devtools-v102-4.2.1.jar:/Users/tugcealagoz/.m2/repository/org/seleniumhq/selenium/selenium-devtools-v85/4.2.1/selenium-devtools-v85-4.2.1.jar:/Users/tugcealagoz/.m2/repository/org/seleniumhq/selenium/selenium-edge-driver/4.2.1/selenium-edge-driver-4.2.1.jar:/Users/tugcealagoz/.m2/repository/org/seleniumhq/selenium/selenium-firefox-driver/4.2.1/selenium-firefox-driver-4.2.1.jar:/Users/tugcealagoz/.m2/repository/org/seleniumhq/selenium/selenium-ie-driver/4.2.1/selenium-ie-driver-4.2.1.jar:/Users/tugcealagoz/.m2/repository/org/seleniumhq/selenium/selenium-opera-driver/4.2.1/selenium-opera-driver-4.2.1.jar:/Users/tugcealagoz/.m2/repository/org/seleniumhq/selenium/selenium-remote-driver/4.2.1/selenium-remote-driver-4.2.1.jar:/Users/tugcealagoz/.m2/repository/com/beust/jcommander/1.82/jcommander-1.82.jar:/Users/tugcealagoz/.m2/repository/io/netty/netty-buffer/4.1.77.Final/netty-buffer-4.1.77.Final.jar:/Users/tugcealagoz/.m2/repository/io/netty/netty-codec-http/4.1.77.Final/netty-codec-http-4.1.77.Final.jar:/Users/tugcealagoz/.m2/repository/io/netty/netty-codec/4.1.77.Final/netty-codec-4.1.77.Final.jar:/Users/tugcealagoz/.m2/repository/io/netty/netty-handler/4.1.77.Final/netty-handler-4.1.77.Final.jar:/Users/tugcealagoz/.m2/repository/io/netty/netty-common/4.1.77.Final/netty-common-4.1.77.Final.jar:/Users/tugcealagoz/.m2/repository/io/netty/netty-transport-classes-epoll/4.1.77.Final/netty-transport-classes-epoll-4.1.77.Final.jar:/Users/tugcealagoz/.m2/repository/io/netty/netty-transport-classes-kqueue/4.1.77.Final/netty-transport-classes-kqueue-4.1.77.Final.jar:/Users/tugcealagoz/.m2/repository/io/netty/netty-transport-native-epoll/4.1.77.Final/netty-transport-native-epoll-4.1.77.Final.jar:/Users/tugcealagoz/.m2/repository/io/netty/netty-transport-native-kqueue/4.1.77.Final/netty-transport-native-kqueue-4.1.77.Final.jar:/Users/tugcealagoz/.m2/repository/io/netty/netty-transport-native-unix-common/4.1.77.Final/netty-transport-native-unix-common-4.1.77.Final.jar:/Users/tugcealagoz/.m2/repository/io/netty/netty-transport/4.1.77.Final/netty-transport-4.1.77.Final.jar:/Users/tugcealagoz/.m2/repository/io/netty/netty-resolver/4.1.77.Final/netty-resolver-4.1.77.Final.jar:/Users/tugcealagoz/.m2/repository/io/opentelemetry/opentelemetry-api/1.14.0/opentelemetry-api-1.14.0.jar:/Users/tugcealagoz/.m2/repository/io/opentelemetry/opentelemetry-context/1.14.0/opentelemetry-context-1.14.0.jar:/Users/tugcealagoz/.m2/repository/io/opentelemetry/opentelemetry-exporter-logging/1.14.0/opentelemetry-exporter-logging-1.14.0.jar:/Users/tugcealagoz/.m2/repository/io/opentelemetry/opentelemetry-sdk-metrics/1.14.0/opentelemetry-sdk-metrics-1.14.0.jar:/Users/tugcealagoz/.m2/repository/io/opentelemetry/opentelemetry-sdk-logs/1.14.0-alpha/opentelemetry-sdk-logs-1.14.0-alpha.jar:/Users/tugcealagoz/.m2/repository/io/opentelemetry/opentelemetry-sdk-common/1.14.0/opentelemetry-sdk-common-1.14.0.jar:/Users/tugcealagoz/.m2/repository/io/opentelemetry/opentelemetry-sdk-extension-autoconfigure-spi/1.14.0/opentelemetry-sdk-extension-autoconfigure-spi-1.14.0.jar:/Users/tugcealagoz/.m2/repository/io/opentelemetry/opentelemetry-sdk-extension-autoconfigure/1.14.0-alpha/opentelemetry-sdk-extension-autoconfigure-1.14.0-alpha.jar:/Users/tugcealagoz/.m2/repository/io/opentelemetry/opentelemetry-sdk-trace/1.14.0/opentelemetry-sdk-trace-1.14.0.jar:/Users/tugcealagoz/.m2/repository/io/opentelemetry/opentelemetry-sdk/1.14.0/opentelemetry-sdk-1.14.0.jar:/Users/tugcealagoz/.m2/repository/io/opentelemetry/opentelemetry-semconv/1.14.0-alpha/opentelemetry-semconv-1.14.0-alpha.jar:/Users/tugcealagoz/.m2/repository/io/ous/jtoml/2.0.0/jtoml-2.0.0.jar:/Users/tugcealagoz/.m2/repository/net/bytebuddy/byte-buddy/1.12.10/byte-buddy-1.12.10.jar:/Users/tugcealagoz/.m2/repository/org/apache/commons/commons-exec/1.3/commons-exec-1.3.jar:/Users/tugcealagoz/.m2/repository/org/asynchttpclient/async-http-client/2.12.3/async-http-client-2.12.3.jar:/Users/tugcealagoz/.m2/repository/org/asynchttpclient/async-http-client-netty-utils/2.12.3/async-http-client-netty-utils-2.12.3.jar:/Users/tugcealagoz/.m2/repository/io/netty/netty-codec-socks/4.1.60.Final/netty-codec-socks-4.1.60.Final.jar:/Users/tugcealagoz/.m2/repository/io/netty/netty-handler-proxy/4.1.60.Final/netty-handler-proxy-4.1.60.Final.jar:/Users/tugcealagoz/.m2/repository/io/netty/netty-transport-native-epoll/4.1.60.Final/netty-transport-native-epoll-4.1.60.Final-linux-x86_64.jar:/Users/tugcealagoz/.m2/repository/io/netty/netty-transport-native-kqueue/4.1.60.Final/netty-transport-native-kqueue-4.1.60.Final-osx-x86_64.jar:/Users/tugcealagoz/.m2/repository/org/reactivestreams/reactive-streams/1.0.3/reactive-streams-1.0.3.jar:/Users/tugcealagoz/.m2/repository/com/typesafe/netty/netty-reactive-streams/2.0.4/netty-reactive-streams-2.0.4.jar:/Users/tugcealagoz/.m2/repository/com/sun/activation/jakarta.activation/1.2.2/jakarta.activation-1.2.2.jar:/Users/tugcealagoz/.m2/repository/org/seleniumhq/selenium/selenium-http/4.2.1/selenium-http-4.2.1.jar:/Users/tugcealagoz/.m2/repository/dev/failsafe/failsafe/3.2.4/failsafe-3.2.4.jar:/Users/tugcealagoz/.m2/repository/org/seleniumhq/selenium/selenium-safari-driver/4.2.1/selenium-safari-driver-4.2.1.jar:/Users/tugcealagoz/.m2/repository/org/seleniumhq/selenium/selenium-support/4.2.1/selenium-support-4.2.1.jar:/Users/tugcealagoz/.m2/repository/io/github/bonigarcia/webdrivermanager/5.2.0/webdrivermanager-5.2.0.jar:/Users/tugcealagoz/.m2/repository/org/slf4j/slf4j-api/1.7.36/slf4j-api-1.7.36.jar:/Users/tugcealagoz/.m2/repository/com/google/code/gson/gson/2.9.0/gson-2.9.0.jar:/Users/tugcealagoz/.m2/repository/com/github/docker-java/docker-java/3.2.13/docker-java-3.2.13.jar:/Users/tugcealagoz/.m2/repository/com/github/docker-java/docker-java-core/3.2.13/docker-java-core-3.2.13.jar:/Users/tugcealagoz/.m2/repository/com/github/docker-java/docker-java-api/3.2.13/docker-java-api-3.2.13.jar:/Users/tugcealagoz/.m2/repository/org/apache/commons/commons-compress/1.21/commons-compress-1.21.jar:/Users/tugcealagoz/.m2/repository/org/bouncycastle/bcpkix-jdk15on/1.64/bcpkix-jdk15on-1.64.jar:/Users/tugcealagoz/.m2/repository/org/bouncycastle/bcprov-jdk15on/1.64/bcprov-jdk15on-1.64.jar:/Users/tugcealagoz/.m2/repository/org/slf4j/jcl-over-slf4j/1.7.30/jcl-over-slf4j-1.7.30.jar:/Users/tugcealagoz/.m2/repository/com/github/docker-java/docker-java-transport-httpclient5/3.2.13/docker-java-transport-httpclient5-3.2.13.jar:/Users/tugcealagoz/.m2/repository/com/github/docker-java/docker-java-transport/3.2.13/docker-java-transport-3.2.13.jar:/Users/tugcealagoz/.m2/repository/net/java/dev/jna/jna/5.8.0/jna-5.8.0.jar:/Users/tugcealagoz/.m2/repository/org/brotli/dec/0.1.2/dec-0.1.2.jar:/Users/tugcealagoz/.m2/repository/org/apache/commons/commons-lang3/3.12.0/commons-lang3-3.12.0.jar:/Users/tugcealagoz/.m2/repository/org/apache/httpcomponents/client5/httpclient5/5.1.3/httpclient5-5.1.3.jar:/Users/tugcealagoz/.m2/repository/org/apache/httpcomponents/core5/httpcore5/5.1.3/httpcore5-5.1.3.jar:/Users/tugcealagoz/.m2/repository/org/apache/httpcomponents/core5/httpcore5-h2/5.1.3/httpcore5-h2-5.1.3.jar:/Users/tugcealagoz/.m2/repository/commons-codec/commons-codec/1.15/commons-codec-1.15.jar:/Users/tugcealagoz/.m2/repository/com/github/javafaker/javafaker/1.0.2/javafaker-1.0.2.jar:/Users/tugcealagoz/.m2/repository/org/yaml/snakeyaml/1.23/snakeyaml-1.23-android.jar:/Users/tugcealagoz/.m2/repository/com/github/mifmif/generex/1.0.2/generex-1.0.2.jar:/Users/tugcealagoz/.m2/repository/dk/brics/automaton/automaton/1.11-8/automaton-1.11-8.jar:/Users/tugcealagoz/.m2/repository/io/cucumber/cucumber-java/7.3.3/cucumber-java-7.3.3.jar:/Users/tugcealagoz/.m2/repository/io/cucumber/cucumber-core/7.3.3/cucumber-core-7.3.3.jar:/Users/tugcealagoz/.m2/repository/io/cucumber/cucumber-gherkin/7.3.3/cucumber-gherkin-7.3.3.jar:/Users/tugcealagoz/.m2/repository/io/cucumber/cucumber-gherkin-messages/7.3.3/cucumber-gherkin-messages-7.3.3.jar:/Users/tugcealagoz/.m2/repository/io/cucumber/messages/18.0.0/messages-18.0.0.jar:/Users/tugcealagoz/.m2/repository/io/cucumber/tag-expressions/4.1.0/tag-expressions-4.1.0.jar:/Users/tugcealagoz/.m2/repository/io/cucumber/cucumber-expressions/15.1.1/cucumber-expressions-15.1.1.jar:/Users/tugcealagoz/.m2/repository/io/cucumber/datatable/7.3.3/datatable-7.3.3.jar:/Users/tugcealagoz/.m2/repository/io/cucumber/cucumber-plugin/7.3.3/cucumber-plugin-7.3.3.jar:/Users/tugcealagoz/.m2/repository/io/cucumber/docstring/7.3.3/docstring-7.3.3.jar:/Users/tugcealagoz/.m2/repository/io/cucumber/html-formatter/19.1.0/html-formatter-19.1.0.jar:/Users/tugcealagoz/.m2/repository/io/cucumber/ci-environment/9.0.4/ci-environment-9.0.4.jar:/Users/tugcealagoz/.m2/repository/org/apiguardian/apiguardian-api/1.1.2/apiguardian-api-1.1.2.jar:/Users/tugcealagoz/.m2/repository/io/cucumber/cucumber-junit/7.3.3/cucumber-junit-7.3.3.jar:/Users/tugcealagoz/.m2/repository/junit/junit/4.13.2/junit-4.13.2.jar:/Users/tugcealagoz/.m2/repository/org/hamcrest/hamcrest-core/1.3/hamcrest-core-1.3.jar:/Users/tugcealagoz/.m2/repository/me/jvt/cucumber/reporting-plugin/7.3.0/reporting-plugin-7.3.0.jar:/Users/tugcealagoz/.m2/repository/io/cucumber/gherkin/23.0.1/gherkin-23.0.1.jar:/Users/tugcealagoz/.m2/repository/net/masterthought/cucumber-reporting/5.7.0/cucumber-reporting-5.7.0.jar:/Users/tugcealagoz/.m2/repository/com/fasterxml/jackson/core/jackson-databind/2.13.0/jackson-databind-2.13.0.jar:/Users/tugcealagoz/.m2/repository/com/fasterxml/jackson/core/jackson-annotations/2.13.0/jackson-annotations-2.13.0.jar:/Users/tugcealagoz/.m2/repository/com/fasterxml/jackson/core/jackson-core/2.13.0/jackson-core-2.13.0.jar:/Users/tugcealagoz/.m2/repository/com/fasterxml/jackson/datatype/jackson-datatype-jsr310/2.13.0/jackson-datatype-jsr310-2.13.0.jar:/Users/tugcealagoz/.m2/repository/org/apache/velocity/velocity-engine-core/2.3/velocity-engine-core-2.3.jar:/Users/tugcealagoz/.m2/repository/commons-collections/commons-collections/3.2.2/commons-collections-3.2.2.jar:/Users/tugcealagoz/.m2/repository/joda-time/joda-time/2.10.10/joda-time-2.10.10.jar:/Users/tugcealagoz/.m2/repository/commons-io/commons-io/2.7/commons-io-2.7.jar:/Users/tugcealagoz/.m2/repository/org/codehaus/plexus/plexus-utils/3.3.0/plexus-utils-3.3.0.jar:/Users/tugcealagoz/.m2/repository/org/jsoup/jsoup/1.14.2/jsoup-1.14.2.jar:/Users/tugcealagoz/.m2/repository/com/googlecode/owasp-java-html-sanitizer/owasp-java-html-sanitizer/20211018.2/owasp-java-html-sanitizer-20211018.2.jar:/Users/tugcealagoz/.m2/repository/commons-configuration/commons-configuration/1.10/commons-configuration-1.10.jar:/Users/tugcealagoz/.m2/repository/commons-lang/commons-lang/2.6/commons-lang-2.6.jar:/Users/tugcealagoz/.m2/repository/commons-logging/commons-logging/1.1.1/commons-logging-1.1.1.jar:/Users/tugcealagoz/.m2/repository/org/slf4j/slf4j-simple/1.7.36/slf4j-simple-1.7.36.jar:"/>
    <property name="java.vm.vendor" value="Oracle Corporation"/>
    <property name="sun.arch.data.model" value="64"/>
    <property name="java.vendor.url" value="https://openjdk.java.net/"/>
    <property name="user.timezone" value="Europe/Istanbul"/>
    <property name="java.vm.specification.version" value="11"/>
    <property name="os.name" value="Mac OS X"/>
    <property name="sun.java.launcher" value="SUN_STANDARD"/>
    <property name="user.country" value="TR"/>
    <property name="sun.boot.library.path" value="/Library/Java/JavaVirtualMachines/jdk-11.0.12.jdk/Contents/Home/lib"/>
    <property name="sun.java.command" value="/Users/tugcealagoz/IdeaProjects/cydeo-cucumber-junit/target/surefire/surefirebooter8858938912857322178.jar /Users/tugcealagoz/IdeaProjects/cydeo-cucumber-junit/target/surefire 2022-06-30T14-33-41_558-jvmRun1 surefire2247094476986306112tmp surefire_06942484135291927486tmp"/>
    <property name="http.nonProxyHosts" value="local|*.local|169.254/16|*.169.254/16"/>
    <property name="jdk.debug" value="release"/>
    <property name="surefire.test.class.path" value="/Users/tugcealagoz/IdeaProjects/cydeo-cucumber-junit/target/test-classes:/Users/tugcealagoz/IdeaProjects/cydeo-cucumber-junit/target/classes:/Users/tugcealagoz/.m2/repository/org/seleniumhq/selenium/selenium-java/4.2.1/selenium-java-4.2.1.jar:/Users/tugcealagoz/.m2/repository/org/seleniumhq/selenium/selenium-api/4.2.1/selenium-api-4.2.1.jar:/Users/tugcealagoz/.m2/repository/org/seleniumhq/selenium/selenium-chrome-driver/4.2.1/selenium-chrome-driver-4.2.1.jar:/Users/tugcealagoz/.m2/repository/com/google/auto/service/auto-service-annotations/1.0.1/auto-service-annotations-1.0.1.jar:/Users/tugcealagoz/.m2/repository/com/google/auto/service/auto-service/1.0.1/auto-service-1.0.1.jar:/Users/tugcealagoz/.m2/repository/com/google/auto/auto-common/1.2/auto-common-1.2.jar:/Users/tugcealagoz/.m2/repository/com/google/guava/guava/31.1-jre/guava-31.1-jre.jar:/Users/tugcealagoz/.m2/repository/com/google/guava/failureaccess/1.0.1/failureaccess-1.0.1.jar:/Users/tugcealagoz/.m2/repository/com/google/guava/listenablefuture/9999.0-empty-to-avoid-conflict-with-guava/listenablefuture-9999.0-empty-to-avoid-conflict-with-guava.jar:/Users/tugcealagoz/.m2/repository/com/google/code/findbugs/jsr305/3.0.2/jsr305-3.0.2.jar:/Users/tugcealagoz/.m2/repository/org/checkerframework/checker-qual/3.12.0/checker-qual-3.12.0.jar:/Users/tugcealagoz/.m2/repository/com/google/errorprone/error_prone_annotations/2.11.0/error_prone_annotations-2.11.0.jar:/Users/tugcealagoz/.m2/repository/com/google/j2objc/j2objc-annotations/1.3/j2objc-annotations-1.3.jar:/Users/tugcealagoz/.m2/repository/org/seleniumhq/selenium/selenium-chromium-driver/4.2.1/selenium-chromium-driver-4.2.1.jar:/Users/tugcealagoz/.m2/repository/org/seleniumhq/selenium/selenium-json/4.2.1/selenium-json-4.2.1.jar:/Users/tugcealagoz/.m2/repository/org/seleniumhq/selenium/selenium-devtools-v100/4.2.1/selenium-devtools-v100-4.2.1.jar:/Users/tugcealagoz/.m2/repository/org/seleniumhq/selenium/selenium-devtools-v101/4.2.1/selenium-devtools-v101-4.2.1.jar:/Users/tugcealagoz/.m2/repository/org/seleniumhq/selenium/selenium-devtools-v102/4.2.1/selenium-devtools-v102-4.2.1.jar:/Users/tugcealagoz/.m2/repository/org/seleniumhq/selenium/selenium-devtools-v85/4.2.1/selenium-devtools-v85-4.2.1.jar:/Users/tugcealagoz/.m2/repository/org/seleniumhq/selenium/selenium-edge-driver/4.2.1/selenium-edge-driver-4.2.1.jar:/Users/tugcealagoz/.m2/repository/org/seleniumhq/selenium/selenium-firefox-driver/4.2.1/selenium-firefox-driver-4.2.1.jar:/Users/tugcealagoz/.m2/repository/org/seleniumhq/selenium/selenium-ie-driver/4.2.1/selenium-ie-driver-4.2.1.jar:/Users/tugcealagoz/.m2/repository/org/seleniumhq/selenium/selenium-opera-driver/4.2.1/selenium-opera-driver-4.2.1.jar:/Users/tugcealagoz/.m2/repository/org/seleniumhq/selenium/selenium-remote-driver/4.2.1/selenium-remote-driver-4.2.1.jar:/Users/tugcealagoz/.m2/repository/com/beust/jcommander/1.82/jcommander-1.82.jar:/Users/tugcealagoz/.m2/repository/io/netty/netty-buffer/4.1.77.Final/netty-buffer-4.1.77.Final.jar:/Users/tugcealagoz/.m2/repository/io/netty/netty-codec-http/4.1.77.Final/netty-codec-http-4.1.77.Final.jar:/Users/tugcealagoz/.m2/repository/io/netty/netty-codec/4.1.77.Final/netty-codec-4.1.77.Final.jar:/Users/tugcealagoz/.m2/repository/io/netty/netty-handler/4.1.77.Final/netty-handler-4.1.77.Final.jar:/Users/tugcealagoz/.m2/repository/io/netty/netty-common/4.1.77.Final/netty-common-4.1.77.Final.jar:/Users/tugcealagoz/.m2/repository/io/netty/netty-transport-classes-epoll/4.1.77.Final/netty-transport-classes-epoll-4.1.77.Final.jar:/Users/tugcealagoz/.m2/repository/io/netty/netty-transport-classes-kqueue/4.1.77.Final/netty-transport-classes-kqueue-4.1.77.Final.jar:/Users/tugcealagoz/.m2/repository/io/netty/netty-transport-native-epoll/4.1.77.Final/netty-transport-native-epoll-4.1.77.Final.jar:/Users/tugcealagoz/.m2/repository/io/netty/netty-transport-native-kqueue/4.1.77.Final/netty-transport-native-kqueue-4.1.77.Final.jar:/Users/tugcealagoz/.m2/repository/io/netty/netty-transport-native-unix-common/4.1.77.Final/netty-transport-native-unix-common-4.1.77.Final.jar:/Users/tugcealagoz/.m2/repository/io/netty/netty-transport/4.1.77.Final/netty-transport-4.1.77.Final.jar:/Users/tugcealagoz/.m2/repository/io/netty/netty-resolver/4.1.77.Final/netty-resolver-4.1.77.Final.jar:/Users/tugcealagoz/.m2/repository/io/opentelemetry/opentelemetry-api/1.14.0/opentelemetry-api-1.14.0.jar:/Users/tugcealagoz/.m2/repository/io/opentelemetry/opentelemetry-context/1.14.0/opentelemetry-context-1.14.0.jar:/Users/tugcealagoz/.m2/repository/io/opentelemetry/opentelemetry-exporter-logging/1.14.0/opentelemetry-exporter-logging-1.14.0.jar:/Users/tugcealagoz/.m2/repository/io/opentelemetry/opentelemetry-sdk-metrics/1.14.0/opentelemetry-sdk-metrics-1.14.0.jar:/Users/tugcealagoz/.m2/repository/io/opentelemetry/opentelemetry-sdk-logs/1.14.0-alpha/opentelemetry-sdk-logs-1.14.0-alpha.jar:/Users/tugcealagoz/.m2/repository/io/opentelemetry/opentelemetry-sdk-common/1.14.0/opentelemetry-sdk-common-1.14.0.jar:/Users/tugcealagoz/.m2/repository/io/opentelemetry/opentelemetry-sdk-extension-autoconfigure-spi/1.14.0/opentelemetry-sdk-extension-autoconfigure-spi-1.14.0.jar:/Users/tugcealagoz/.m2/repository/io/opentelemetry/opentelemetry-sdk-extension-autoconfigure/1.14.0-alpha/opentelemetry-sdk-extension-autoconfigure-1.14.0-alpha.jar:/Users/tugcealagoz/.m2/repository/io/opentelemetry/opentelemetry-sdk-trace/1.14.0/opentelemetry-sdk-trace-1.14.0.jar:/Users/tugcealagoz/.m2/repository/io/opentelemetry/opentelemetry-sdk/1.14.0/opentelemetry-sdk-1.14.0.jar:/Users/tugcealagoz/.m2/repository/io/opentelemetry/opentelemetry-semconv/1.14.0-alpha/opentelemetry-semconv-1.14.0-alpha.jar:/Users/tugcealagoz/.m2/repository/io/ous/jtoml/2.0.0/jtoml-2.0.0.jar:/Users/tugcealagoz/.m2/repository/net/bytebuddy/byte-buddy/1.12.10/byte-buddy-1.12.10.jar:/Users/tugcealagoz/.m2/repository/org/apache/commons/commons-exec/1.3/commons-exec-1.3.jar:/Users/tugcealagoz/.m2/repository/org/asynchttpclient/async-http-client/2.12.3/async-http-client-2.12.3.jar:/Users/tugcealagoz/.m2/repository/org/asynchttpclient/async-http-client-netty-utils/2.12.3/async-http-client-netty-utils-2.12.3.jar:/Users/tugcealagoz/.m2/repository/io/netty/netty-codec-socks/4.1.60.Final/netty-codec-socks-4.1.60.Final.jar:/Users/tugcealagoz/.m2/repository/io/netty/netty-handler-proxy/4.1.60.Final/netty-handler-proxy-4.1.60.Final.jar:/Users/tugcealagoz/.m2/repository/io/netty/netty-transport-native-epoll/4.1.60.Final/netty-transport-native-epoll-4.1.60.Final-linux-x86_64.jar:/Users/tugcealagoz/.m2/repository/io/netty/netty-transport-native-kqueue/4.1.60.Final/netty-transport-native-kqueue-4.1.60.Final-osx-x86_64.jar:/Users/tugcealagoz/.m2/repository/org/reactivestreams/reactive-streams/1.0.3/reactive-streams-1.0.3.jar:/Users/tugcealagoz/.m2/repository/com/typesafe/netty/netty-reactive-streams/2.0.4/netty-reactive-streams-2.0.4.jar:/Users/tugcealagoz/.m2/repository/com/sun/activation/jakarta.activation/1.2.2/jakarta.activation-1.2.2.jar:/Users/tugcealagoz/.m2/repository/org/seleniumhq/selenium/selenium-http/4.2.1/selenium-http-4.2.1.jar:/Users/tugcealagoz/.m2/repository/dev/failsafe/failsafe/3.2.4/failsafe-3.2.4.jar:/Users/tugcealagoz/.m2/repository/org/seleniumhq/selenium/selenium-safari-driver/4.2.1/selenium-safari-driver-4.2.1.jar:/Users/tugcealagoz/.m2/repository/org/seleniumhq/selenium/selenium-support/4.2.1/selenium-support-4.2.1.jar:/Users/tugcealagoz/.m2/repository/io/github/bonigarcia/webdrivermanager/5.2.0/webdrivermanager-5.2.0.jar:/Users/tugcealagoz/.m2/repository/org/slf4j/slf4j-api/1.7.36/slf4j-api-1.7.36.jar:/Users/tugcealagoz/.m2/repository/com/google/code/gson/gson/2.9.0/gson-2.9.0.jar:/Users/tugcealagoz/.m2/repository/com/github/docker-java/docker-java/3.2.13/docker-java-3.2.13.jar:/Users/tugcealagoz/.m2/repository/com/github/docker-java/docker-java-core/3.2.13/docker-java-core-3.2.13.jar:/Users/tugcealagoz/.m2/repository/com/github/docker-java/docker-java-api/3.2.13/docker-java-api-3.2.13.jar:/Users/tugcealagoz/.m2/repository/org/apache/commons/commons-compress/1.21/commons-compress-1.21.jar:/Users/tugcealagoz/.m2/repository/org/bouncycastle/bcpkix-jdk15on/1.64/bcpkix-jdk15on-1.64.jar:/Users/tugcealagoz/.m2/repository/org/bouncycastle/bcprov-jdk15on/1.64/bcprov-jdk15on-1.64.jar:/Users/tugcealagoz/.m2/repository/org/slf4j/jcl-over-slf4j/1.7.30/jcl-over-slf4j-1.7.30.jar:/Users/tugcealagoz/.m2/repository/com/github/docker-java/docker-java-transport-httpclient5/3.2.13/docker-java-transport-httpclient5-3.2.13.jar:/Users/tugcealagoz/.m2/repository/com/github/docker-java/docker-java-transport/3.2.13/docker-java-transport-3.2.13.jar:/Users/tugcealagoz/.m2/repository/net/java/dev/jna/jna/5.8.0/jna-5.8.0.jar:/Users/tugcealagoz/.m2/repository/org/brotli/dec/0.1.2/dec-0.1.2.jar:/Users/tugcealagoz/.m2/repository/org/apache/commons/commons-lang3/3.12.0/commons-lang3-3.12.0.jar:/Users/tugcealagoz/.m2/repository/org/apache/httpcomponents/client5/httpclient5/5.1.3/httpclient5-5.1.3.jar:/Users/tugcealagoz/.m2/repository/org/apache/httpcomponents/core5/httpcore5/5.1.3/httpcore5-5.1.3.jar:/Users/tugcealagoz/.m2/repository/org/apache/httpcomponents/core5/httpcore5-h2/5.1.3/httpcore5-h2-5.1.3.jar:/Users/tugcealagoz/.m2/repository/commons-codec/commons-codec/1.15/commons-codec-1.15.jar:/Users/tugcealagoz/.m2/repository/com/github/javafaker/javafaker/1.0.2/javafaker-1.0.2.jar:/Users/tugcealagoz/.m2/repository/org/yaml/snakeyaml/1.23/snakeyaml-1.23-android.jar:/Users/tugcealagoz/.m2/repository/com/github/mifmif/generex/1.0.2/generex-1.0.2.jar:/Users/tugcealagoz/.m2/repository/dk/brics/automaton/automaton/1.11-8/automaton-1.11-8.jar:/Users/tugcealagoz/.m2/repository/io/cucumber/cucumber-java/7.3.3/cucumber-java-7.3.3.jar:/Users/tugcealagoz/.m2/repository/io/cucumber/cucumber-core/7.3.3/cucumber-core-7.3.3.jar:/Users/tugcealagoz/.m2/repository/io/cucumber/cucumber-gherkin/7.3.3/cucumber-gherkin-7.3.3.jar:/Users/tugcealagoz/.m2/repository/io/cucumber/cucumber-gherkin-messages/7.3.3/cucumber-gherkin-messages-7.3.3.jar:/Users/tugcealagoz/.m2/repository/io/cucumber/messages/18.0.0/messages-18.0.0.jar:/Users/tugcealagoz/.m2/repository/io/cucumber/tag-expressions/4.1.0/tag-expressions-4.1.0.jar:/Users/tugcealagoz/.m2/repository/io/cucumber/cucumber-expressions/15.1.1/cucumber-expressions-15.1.1.jar:/Users/tugcealagoz/.m2/repository/io/cucumber/datatable/7.3.3/datatable-7.3.3.jar:/Users/tugcealagoz/.m2/repository/io/cucumber/cucumber-plugin/7.3.3/cucumber-plugin-7.3.3.jar:/Users/tugcealagoz/.m2/repository/io/cucumber/docstring/7.3.3/docstring-7.3.3.jar:/Users/tugcealagoz/.m2/repository/io/cucumber/html-formatter/19.1.0/html-formatter-19.1.0.jar:/Users/tugcealagoz/.m2/repository/io/cucumber/ci-environment/9.0.4/ci-environment-9.0.4.jar:/Users/tugcealagoz/.m2/repository/org/apiguardian/apiguardian-api/1.1.2/apiguardian-api-1.1.2.jar:/Users/tugcealagoz/.m2/repository/io/cucumber/cucumber-junit/7.3.3/cucumber-junit-7.3.3.jar:/Users/tugcealagoz/.m2/repository/junit/junit/4.13.2/junit-4.13.2.jar:/Users/tugcealagoz/.m2/repository/org/hamcrest/hamcrest-core/1.3/hamcrest-core-1.3.jar:/Users/tugcealagoz/.m2/repository/me/jvt/cucumber/reporting-plugin/7.3.0/reporting-plugin-7.3.0.jar:/Users/tugcealagoz/.m2/repository/io/cucumber/gherkin/23.0.1/gherkin-23.0.1.jar:/Users/tugcealagoz/.m2/repository/net/masterthought/cucumber-reporting/5.7.0/cucumber-reporting-5.7.0.jar:/Users/tugcealagoz/.m2/repository/com/fasterxml/jackson/core/jackson-databind/2.13.0/jackson-databind-2.13.0.jar:/Users/tugcealagoz/.m2/repository/com/fasterxml/jackson/core/jackson-annotations/2.13.0/jackson-annotations-2.13.0.jar:/Users/tugcealagoz/.m2/repository/com/fasterxml/jackson/core/jackson-core/2.13.0/jackson-core-2.13.0.jar:/Users/tugcealagoz/.m2/repository/com/fasterxml/jackson/datatype/jackson-datatype-jsr310/2.13.0/jackson-datatype-jsr310-2.13.0.jar:/Users/tugcealagoz/.m2/repository/org/apache/velocity/velocity-engine-core/2.3/velocity-engine-core-2.3.jar:/Users/tugcealagoz/.m2/repository/commons-collections/commons-collections/3.2.2/commons-collections-3.2.2.jar:/Users/tugcealagoz/.m2/repository/joda-time/joda-time/2.10.10/joda-time-2.10.10.jar:/Users/tugcealagoz/.m2/repository/commons-io/commons-io/2.7/commons-io-2.7.jar:/Users/tugcealagoz/.m2/repository/org/codehaus/plexus/plexus-utils/3.3.0/plexus-utils-3.3.0.jar:/Users/tugcealagoz/.m2/repository/org/jsoup/jsoup/1.14.2/jsoup-1.14.2.jar:/Users/tugcealagoz/.m2/repository/com/googlecode/owasp-java-html-sanitizer/owasp-java-html-sanitizer/20211018.2/owasp-java-html-sanitizer-20211018.2.jar:/Users/tugcealagoz/.m2/repository/commons-configuration/commons-configuration/1.10/commons-configuration-1.10.jar:/Users/tugcealagoz/.m2/repository/commons-lang/commons-lang/2.6/commons-lang-2.6.jar:/Users/tugcealagoz/.m2/repository/commons-logging/commons-logging/1.1.1/commons-logging-1.1.1.jar:/Users/tugcealagoz/.m2/repository/org/slf4j/slf4j-simple/1.7.36/slf4j-simple-1.7.36.jar:"/>
    <property name="sun.cpu.endian" value="little"/>
    <property name="user.home" value="/Users/tugcealagoz"/>
    <property name="user.language" value="tr"/>
    <property name="java.specification.vendor" value="Oracle Corporation"/>
    <property name="java.version.date" value="2021-07-20"/>
    <property name="java.home" value="/Library/Java/JavaVirtualMachines/jdk-11.0.12.jdk/Contents/Home"/>
    <property name="file.separator" value="/"/>
    <property name="basedir" value="/Users/tugcealagoz/IdeaProjects/cydeo-cucumber-junit"/>
    <property name="java.vm.compressedOopsMode" value="Zero based"/>
    <property name="line.separator" value="&#10;"/>
    <property name="java.specification.name" value="Java Platform API Specification"/>
    <property name="java.vm.specification.vendor" value="Oracle Corporation"/>
    <property name="java.awt.graphicsenv" value="sun.awt.CGraphicsEnvironment"/>
    <property name="surefire.real.class.path" value="/Users/tugcealagoz/IdeaProjects/cydeo-cucumber-junit/target/surefire/surefirebooter8858938912857322178.jar"/>
    <property name="sun.management.compiler" value="HotSpot 64-Bit Tiered Compilers"/>
    <property name="ftp.nonProxyHosts" value="local|*.local|169.254/16|*.169.254/16"/>
    <property name="java.runtime.version" value="11.0.12+8-LTS-237"/>
    <property name="user.name" value="tugcealagoz"/>
    <property name="path.separator" value=":"/>
    <property name="os.version" value="11.4"/>
    <property name="java.runtime.name" value="Java(TM) SE Runtime Environment"/>
    <property name="file.encoding" value="UTF-8"/>
    <property name="java.vm.name" value="Java HotSpot(TM) 64-Bit Server VM"/>
    <property name="java.vendor.version" value="18.9"/>
    <property name="localRepository" value="/Users/tugcealagoz/.m2/repository"/>
    <property name="java.vendor.url.bug" value="https://bugreport.java.com/bugreport/"/>
    <property name="java.io.tmpdir" value="/var/folders/pp/mbs3qwk13md_07s33rx5zzdr0000gn/T/"/>
    <property name="idea.version" value="2021.3.2"/>
    <property name="java.version" value="11.0.12"/>
    <property name="user.dir" value="/Users/tugcealagoz/IdeaProjects/cydeo-cucumber-junit"/>
    <property name="os.arch" value="x86_64"/>
    <property name="java.vm.specification.name" value="Java Virtual Machine Specification"/>
    <property name="java.awt.printerjob" value="sun.lwawt.macosx.CPrinterJob"/>
    <property name="sun.os.patch.level" value="unknown"/>
    <property name="java.library.path" value="/Users/tugcealagoz/Library/Java/Extensions:/Library/Java/Extensions:/Network/Library/Java/Extensions:/System/Library/Java/Extensions:/usr/lib/java:."/>
    <property name="java.vendor" value="Oracle Corporation"/>
    <property name="java.vm.info" value="mixed mode"/>
    <property name="java.vm.version" value="11.0.12+8-LTS-237"/>
    <property name="sun.io.unicode.encoding" value="UnicodeBig"/>
    <property name="java.class.version" value="55.0"/>
    <property name="socksNonProxyHosts" value="local|*.local|169.254/16|*.169.254/16"/>
  </properties>
  <testcase name="add Event start and ending date and time" classname="Create events by clicking on Event tab under Activity Stream." time="0.197">
    <system-out><![CDATA[Haz 30, 2022 2:33:44 ÖS net.masterthought.cucumber.ReportParser parseJsonFiles
INFO: File '/var/folders/pp/mbs3qwk13md_07s33rx5zzdr0000gn/T/cucumber15324363814113094477.json' contains 1 features

]]></system-out>
  </testcase>
  <testcase name="set reminder" classname="Create events by clicking on Event tab under Activity Stream." time="0.035"/>
  <testcase name="select the Event Location from the dropdown." classname="Create events by clicking on Event tab under Activity Stream." time="0.021"/>
  <testcase name="" classname="Create events by clicking on Event tab under Activity Stream." time="0.017"/>
</testsuite>